  Task1.c
C:\Student practicum\Lab1_241_2\Labs_1st_smstr\4th_Lab\Task1\Task1\Task1.c(3,9): warning C4005: _CRT_SECURE_NO_DEPRECATE: изменение макроопределения
      C:\Student practicum\Lab1_241_2\Labs_1st_smstr\4th_Lab\Task1\Task1\Task1.c(3,9):
      "_CRT_SECURE_NO_DEPRECATE" ранее объявлен в командной строке
  
C:\Student practicum\Lab1_241_2\Labs_1st_smstr\4th_Lab\Task1\Task1\Task1.c(15,10): warning C4473: "scanf_s": передано недостаточно аргументов для строки формата
      C:\Student practicum\Lab1_241_2\Labs_1st_smstr\4th_Lab\Task1\Task1\Task1.c(15,10):
      заполнители и их параметры ожидают переменное число аргументов в количестве 2, но было предоставлено 1
      C:\Student practicum\Lab1_241_2\Labs_1st_smstr\4th_Lab\Task1\Task1\Task1.c(15,10):
      отсутствующий вариативный аргумент "2" требуется для строки форматирования "%c"
      C:\Student practicum\Lab1_241_2\Labs_1st_smstr\4th_Lab\Task1\Task1\Task1.c(15,10):
      этот аргумент используется в качестве размера буфера
  
C:\Student practicum\Lab1_241_2\Labs_1st_smstr\4th_Lab\Task1\Task1\Task1.c(36,10): warning C4473: "scanf_s": передано недостаточно аргументов для строки формата
      C:\Student practicum\Lab1_241_2\Labs_1st_smstr\4th_Lab\Task1\Task1\Task1.c(36,10):
      заполнители и их параметры ожидают переменное число аргументов в количестве 2, но было предоставлено 1
      C:\Student practicum\Lab1_241_2\Labs_1st_smstr\4th_Lab\Task1\Task1\Task1.c(36,10):
      отсутствующий вариативный аргумент "2" требуется для строки форматирования "%c"
      C:\Student practicum\Lab1_241_2\Labs_1st_smstr\4th_Lab\Task1\Task1\Task1.c(36,10):
      этот аргумент используется в качестве размера буфера
  
C:\Student practicum\Lab1_241_2\Labs_1st_smstr\4th_Lab\Task1\Task1\Task1.c(28,12): warning C4244: инициализация: преобразование "float" в "int", возможна потеря данных
  Task1.vcxproj -> C:\Student practicum\Lab1_241_2\Labs_1st_smstr\4th_Lab\Task1\Task1\x64\Debug\Task1.exe
