  Task0.c
C:\Student practicum\Lab1_241_2\Labs_1st_smstr\8th_Lab\Task0\Task0\Task0.c(11,10): warning C4473: "scanf_s": передано недостаточно аргументов для строки формата
      C:\Student practicum\Lab1_241_2\Labs_1st_smstr\8th_Lab\Task0\Task0\Task0.c(11,10):
      заполнители и их параметры ожидают переменное число аргументов в количестве 2, но было предоставлено 1
      C:\Student practicum\Lab1_241_2\Labs_1st_smstr\8th_Lab\Task0\Task0\Task0.c(11,10):
      отсутствующий вариативный аргумент "2" требуется для строки форматирования "%c"
      C:\Student practicum\Lab1_241_2\Labs_1st_smstr\8th_Lab\Task0\Task0\Task0.c(11,10):
      этот аргумент используется в качестве размера буфера
  
C:\Student practicum\Lab1_241_2\Labs_1st_smstr\8th_Lab\Task0\Task0\Task0.c(14,10): warning C4473: "scanf_s": передано недостаточно аргументов для строки формата
      C:\Student practicum\Lab1_241_2\Labs_1st_smstr\8th_Lab\Task0\Task0\Task0.c(14,10):
      заполнители и их параметры ожидают переменное число аргументов в количестве 2, но было предоставлено 1
      C:\Student practicum\Lab1_241_2\Labs_1st_smstr\8th_Lab\Task0\Task0\Task0.c(14,10):
      отсутствующий вариативный аргумент "2" требуется для строки форматирования "%c"
      C:\Student practicum\Lab1_241_2\Labs_1st_smstr\8th_Lab\Task0\Task0\Task0.c(14,10):
      этот аргумент используется в качестве размера буфера
  
C:\Student practicum\Lab1_241_2\Labs_1st_smstr\8th_Lab\Task0\Task0\Task0.c(17,10): warning C4473: "scanf_s": передано недостаточно аргументов для строки формата
      C:\Student practicum\Lab1_241_2\Labs_1st_smstr\8th_Lab\Task0\Task0\Task0.c(17,10):
      заполнители и их параметры ожидают переменное число аргументов в количестве 2, но было предоставлено 1
      C:\Student practicum\Lab1_241_2\Labs_1st_smstr\8th_Lab\Task0\Task0\Task0.c(17,10):
      отсутствующий вариативный аргумент "2" требуется для строки форматирования "%c"
      C:\Student practicum\Lab1_241_2\Labs_1st_smstr\8th_Lab\Task0\Task0\Task0.c(17,10):
      этот аргумент используется в качестве размера буфера
  
  Task0.vcxproj -> C:\Student practicum\Lab1_241_2\Labs_1st_smstr\8th_Lab\Task0\x64\Debug\Task0.exe
