  Task1.c
D:\Student Practicum\Lab1_241_2\Labs_1st_smstr\4th_Lab\Task1\Task1\Task1.c(3,10): warning C4005: _CRT_SECURE_NO_DEPRECATE: изменение макроопределения
      D:\Student Practicum\Lab1_241_2\Labs_1st_smstr\4th_Lab\Task1\Task1\Task1.c(3,10):
      "_CRT_SECURE_NO_DEPRECATE" ранее объявлен в командной строке
  
D:\Student Practicum\Lab1_241_2\Labs_1st_smstr\4th_Lab\Task1\Task1\Task1.c(15,11): warning C4473: "scanf_s": передано недостаточно аргументов для строки формата
      D:\Student Practicum\Lab1_241_2\Labs_1st_smstr\4th_Lab\Task1\Task1\Task1.c(15,11):
      заполнители и их параметры ожидают переменное число аргументов в количестве 2, но было предоставлено 1
      D:\Student Practicum\Lab1_241_2\Labs_1st_smstr\4th_Lab\Task1\Task1\Task1.c(15,11):
      отсутствующий вариативный аргумент "2" требуется для строки форматирования "%c"
      D:\Student Practicum\Lab1_241_2\Labs_1st_smstr\4th_Lab\Task1\Task1\Task1.c(15,11):
      этот аргумент используется в качестве размера буфера
  
D:\Student Practicum\Lab1_241_2\Labs_1st_smstr\4th_Lab\Task1\Task1\Task1.c(35,11): warning C4473: "scanf_s": передано недостаточно аргументов для строки формата
      D:\Student Practicum\Lab1_241_2\Labs_1st_smstr\4th_Lab\Task1\Task1\Task1.c(35,11):
      заполнители и их параметры ожидают переменное число аргументов в количестве 2, но было предоставлено 1
      D:\Student Practicum\Lab1_241_2\Labs_1st_smstr\4th_Lab\Task1\Task1\Task1.c(35,11):
      отсутствующий вариативный аргумент "2" требуется для строки форматирования "%c"
      D:\Student Practicum\Lab1_241_2\Labs_1st_smstr\4th_Lab\Task1\Task1\Task1.c(35,11):
      этот аргумент используется в качестве размера буфера
  
D:\Student Practicum\Lab1_241_2\Labs_1st_smstr\4th_Lab\Task1\Task1\Task1.c(28,13): warning C4244: инициализация: преобразование "float" в "int", возможна потеря данных
  Task1.vcxproj -> D:\Student Practicum\Lab1_241_2\Labs_1st_smstr\4th_Lab\Task1\x64\Debug\Task1.exe
