  Task6.c
D:\Student Practicum\Lab1_241_2\Labs_1st_smstr\12th_Lab\Task6\Task6.c(19,49): warning C4311: приведение типов: усечение указателя из "char *" в "unsigned long"
D:\Student Practicum\Lab1_241_2\Labs_1st_smstr\12th_Lab\Task6\Task6.c(19,75): warning C4311: приведение типов: усечение указателя из "char *" в "unsigned long"
D:\Student Practicum\Lab1_241_2\Labs_1st_smstr\12th_Lab\Task6\Task6.c(20,54): warning C4311: приведение типов: усечение указателя из "short *" в "unsigned long"
D:\Student Practicum\Lab1_241_2\Labs_1st_smstr\12th_Lab\Task6\Task6.c(20,81): warning C4311: приведение типов: усечение указателя из "short *" в "unsigned long"
D:\Student Practicum\Lab1_241_2\Labs_1st_smstr\12th_Lab\Task6\Task6.c(21,63): warning C4311: приведение типов: усечение указателя из "unsigned short *" в "unsigned long"
D:\Student Practicum\Lab1_241_2\Labs_1st_smstr\12th_Lab\Task6\Task6.c(21,91): warning C4311: приведение типов: усечение указателя из "unsigned short *" в "unsigned long"
D:\Student Practicum\Lab1_241_2\Labs_1st_smstr\12th_Lab\Task6\Task6.c(22,48): warning C4311: приведение типов: усечение указателя из "int *" в "unsigned long"
D:\Student Practicum\Lab1_241_2\Labs_1st_smstr\12th_Lab\Task6\Task6.c(22,74): warning C4311: приведение типов: усечение указателя из "int *" в "unsigned long"
D:\Student Practicum\Lab1_241_2\Labs_1st_smstr\12th_Lab\Task6\Task6.c(23,58): warning C4311: приведение типов: усечение указателя из "unsigned char *" в "unsigned long"
D:\Student Practicum\Lab1_241_2\Labs_1st_smstr\12th_Lab\Task6\Task6.c(23,85): warning C4311: приведение типов: усечение указателя из "unsigned char *" в "unsigned long"
D:\Student Practicum\Lab1_241_2\Labs_1st_smstr\12th_Lab\Task6\Task6.c(24,52): warning C4311: приведение типов: усечение указателя из "wchar_t *" в "unsigned long"
D:\Student Practicum\Lab1_241_2\Labs_1st_smstr\12th_Lab\Task6\Task6.c(24,79): warning C4311: приведение типов: усечение указателя из "wchar_t *" в "unsigned long"
D:\Student Practicum\Lab1_241_2\Labs_1st_smstr\12th_Lab\Task6\Task6.c(25,58): warning C4311: приведение типов: усечение указателя из "__int64 *" в "unsigned long"
D:\Student Practicum\Lab1_241_2\Labs_1st_smstr\12th_Lab\Task6\Task6.c(25,86): warning C4311: приведение типов: усечение указателя из "__int64 *" в "unsigned long"
D:\Student Practicum\Lab1_241_2\Labs_1st_smstr\12th_Lab\Task6\Task6.c(26,51): warning C4311: приведение типов: усечение указателя из "size_t *" в "unsigned long"
D:\Student Practicum\Lab1_241_2\Labs_1st_smstr\12th_Lab\Task6\Task6.c(26,78): warning C4311: приведение типов: усечение указателя из "size_t *" в "unsigned long"
D:\Student Practicum\Lab1_241_2\Labs_1st_smstr\12th_Lab\Task6\Task6.c(27,50): warning C4311: приведение типов: усечение указателя из "float *" в "unsigned long"
D:\Student Practicum\Lab1_241_2\Labs_1st_smstr\12th_Lab\Task6\Task6.c(27,76): warning C4311: приведение типов: усечение указателя из "float *" в "unsigned long"
D:\Student Practicum\Lab1_241_2\Labs_1st_smstr\12th_Lab\Task6\Task6.c(28,51): warning C4311: приведение типов: усечение указателя из "double *" в "unsigned long"
D:\Student Practicum\Lab1_241_2\Labs_1st_smstr\12th_Lab\Task6\Task6.c(28,77): warning C4311: приведение типов: усечение указателя из "double *" в "unsigned long"
D:\Student Practicum\Lab1_241_2\Labs_1st_smstr\12th_Lab\Task6\Task6.c(29,55): warning C4311: приведение типов: усечение указателя из "int *" в "unsigned long"
D:\Student Practicum\Lab1_241_2\Labs_1st_smstr\12th_Lab\Task6\Task6.c(29,83): warning C4311: приведение типов: усечение указателя из "int *" в "unsigned long"
  Task6.vcxproj -> D:\Student Practicum\Lab1_241_2\Labs_1st_smstr\12th_Lab\Task1\x64\Debug\Task6.exe
